<?xml version="1.0" encoding="UTF-8"?>
<!-- Generated by org.testng.reporters.JUnitReportReporter -->
<testsuite hostname="DESKTOP-LLUJAUH" failures="0" tests="5" name="LoginPage" time="7.788" errors="0" timestamp="2021-09-25T18:03:38 EDT" skipped="0">
  <testcase classname="LoginPage" name="correctId_correctPass" time="3.512"/>
  <system-out/>
  <testcase classname="LoginPage" name="userIdEmpty" time="0.928"/>
  <system-out/>
  <testcase classname="LoginPage" name="passwordEmpty" time="0.702"/>
  <system-out/>
  <testcase classname="LoginPage" name="correctId_wrongPass" time="1.963"/>
  <system-out/>
  <testcase classname="LoginPage" name="correctPass_wrongId" time="0.683"/>
  <system-out/>
</testsuite> <!-- LoginPage -->
